#
# A fatal error has been detected by the Java Runtime Environment:
#
#  SIGSEGV (0xb) at pc=0x00007fe3de6e766e, pid=5489, tid=19920
#
# JRE version: OpenJDK Runtime Environment (11.0.7+10) (build 11.0.7+10-post-Ubuntu-2ubuntu218.04)
# Java VM: OpenJDK 64-Bit Server VM (11.0.7+10-post-Ubuntu-2ubuntu218.04, mixed mode, sharing, tiered, compressed oops, g1 gc, linux-amd64)
# Problematic frame:
# C  [libc.so.6+0x9466e]
[timeout occurred during error reporting in step "printing problematic frame"] after 30 s.
# Core dump will be written. Default location: Core dumps may be processed with "/usr/share/apport/apport %p %s %c %d %P %E" (or dumping to /home/ganesh/Community version/Book-Store-App/core.5489)
#
# If you would like to submit a bug report, please visit:
#   https://bugs.launchpad.net/ubuntu/+source/openjdk-lts
# The crash happened outside the Java Virtual Machine in native code.
# See problematic frame for where to report the bug.
#

---------------  S U M M A R Y ------------

Command Line: --add-opens=java.base/java.util=ALL-UNNAMED --add-opens=java.base/java.lang=ALL-UNNAMED --add-opens=java.base/java.lang.invoke=ALL-UNNAMED --add-opens=java.prefs/java.util.prefs=ALL-UNNAMED -XX:MaxMetaspaceSize=256m -XX:+HeapDumpOnOutOfMemoryError -Xms256m -Xmx512m -Dfile.encoding=UTF-8 -Duser.country=US -Duser.language=en -Duser.variant org.gradle.launcher.daemon.bootstrap.GradleDaemon 6.3

Host: 
[timeout occurred during error reporting in step "printing summary machine and OS info"] after 30 s.
Time: Fri Jun 12 01:01:19 2020 EDT elapsed time: 13386 seconds (0d 3h 43m 6s)

---------------  T H R E A D  ---------------

Current thread (0x00007fe36402b000):  JavaThread "Execution worker for ':'" [_thread_in_native, id=19920, stack(0x00007fe344bea000,0x00007fe344ceb000)]

Stack: [0x00007fe344bea000,0x00007fe344ceb000],  sp=0x00007fe344ce2260,  free space=992k
Native frames: (J=compiled Java code, A=aot compiled Java code, j=interpreted, Vv=VM code, C=native code)
C  [libc.so.6+0x9466e]